# Logfile created on 2015-03-24 13:59:02 -0600 by logger.rb/36483
I, [2015-03-24T13:59:02.135532 #22383]  INFO -- : 0:  rack (1.6.0) from /Users/jem/.rbenv/versions/2.0.0-p247/lib/ruby/gems/2.0.0/specifications/rack-1.6.0.gemspec
I, [2015-03-24T13:59:02.137142 #22383]  INFO -- : 0:  rack-protection (1.5.3) from /Users/jem/.rbenv/versions/2.0.0-p247/lib/ruby/gems/2.0.0/specifications/rack-protection-1.5.3.gemspec
I, [2015-03-24T13:59:02.137735 #22383]  INFO -- : 0:  tilt (1.4.1) from /Users/jem/.rbenv/versions/2.0.0-p247/lib/ruby/gems/2.0.0/specifications/tilt-1.4.1.gemspec
I, [2015-03-24T13:59:02.138207 #22383]  INFO -- : 0:  sinatra (1.4.5) from /Users/jem/.rbenv/versions/2.0.0-p247/lib/ruby/gems/2.0.0/specifications/sinatra-1.4.5.gemspec
I, [2015-03-24T13:59:02.138620 #22383]  INFO -- : 0:  bundler (1.5.1) from /Users/jem/.rbenv/versions/2.0.0-p247/lib/ruby/gems/2.0.0/specifications/bundler-1.5.1.gemspec
I, [2015-03-24T13:59:11.643925 #22436]  INFO -- : 0:  rack (1.6.0) from /Users/jem/.rbenv/versions/2.0.0-p247/lib/ruby/gems/2.0.0/specifications/rack-1.6.0.gemspec
I, [2015-03-24T13:59:11.644451 #22436]  INFO -- : 0:  rack-protection (1.5.3) from /Users/jem/.rbenv/versions/2.0.0-p247/lib/ruby/gems/2.0.0/specifications/rack-protection-1.5.3.gemspec
I, [2015-03-24T13:59:11.644806 #22436]  INFO -- : 0:  tilt (1.4.1) from /Users/jem/.rbenv/versions/2.0.0-p247/lib/ruby/gems/2.0.0/specifications/tilt-1.4.1.gemspec
I, [2015-03-24T13:59:11.645144 #22436]  INFO -- : 0:  sinatra (1.4.5) from /Users/jem/.rbenv/versions/2.0.0-p247/lib/ruby/gems/2.0.0/specifications/sinatra-1.4.5.gemspec
I, [2015-03-24T13:59:11.645435 #22436]  INFO -- : 0:  bundler (1.5.1) from /Users/jem/.rbenv/versions/2.0.0-p247/lib/ruby/gems/2.0.0/specifications/bundler-1.5.1.gemspec
I, [2015-03-24T14:06:54.667324 #22686]  INFO -- : 0:  addressable (2.3.6) from /Users/jem/.rbenv/versions/2.0.0-p247/lib/ruby/gems/2.0.0/specifications/addressable-2.3.6.gemspec
I, [2015-03-24T14:06:54.668164 #22686]  INFO -- : 0:  bcrypt-ruby (3.1.2) from /Users/jem/.rbenv/versions/2.0.0-p247/lib/ruby/gems/2.0.0/specifications/bcrypt-ruby-3.1.2.gemspec
I, [2015-03-24T14:06:54.668553 #22686]  INFO -- : 0:  dm-core (1.2.1) from /Users/jem/.rbenv/versions/2.0.0-p247/lib/ruby/gems/2.0.0/specifications/dm-core-1.2.1.gemspec
I, [2015-03-24T14:06:54.668911 #22686]  INFO -- : 0:  dm-aggregates (1.2.0) from /Users/jem/.rbenv/versions/2.0.0-p247/lib/ruby/gems/2.0.0/specifications/dm-aggregates-1.2.0.gemspec
I, [2015-03-24T14:06:54.669277 #22686]  INFO -- : 0:  dm-constraints (1.2.0) from /Users/jem/.rbenv/versions/2.0.0-p247/lib/ruby/gems/2.0.0/specifications/dm-constraints-1.2.0.gemspec
I, [2015-03-24T14:06:54.669628 #22686]  INFO -- : 0:  dm-migrations (1.2.0) from /Users/jem/.rbenv/versions/2.0.0-p247/lib/ruby/gems/2.0.0/specifications/dm-migrations-1.2.0.gemspec
I, [2015-03-24T14:06:54.669981 #22686]  INFO -- : 0:  fastercsv (1.5.5) from /Users/jem/.rbenv/versions/2.0.0-p247/lib/ruby/gems/2.0.0/specifications/fastercsv-1.5.5.gemspec
I, [2015-03-24T14:06:54.670322 #22686]  INFO -- : 0:  json (1.8.1) from /Users/jem/.rbenv/versions/2.0.0-p247/lib/ruby/gems/2.0.0/specifications/json-1.8.1.gemspec
I, [2015-03-24T14:06:54.670655 #22686]  INFO -- : 0:  json_pure (1.8.1) from /Users/jem/.rbenv/versions/2.0.0-p247/lib/ruby/gems/2.0.0/specifications/json_pure-1.8.1.gemspec
I, [2015-03-24T14:06:54.671046 #22686]  INFO -- : 0:  multi_json (1.10.1) from /Users/jem/.rbenv/versions/2.0.0-p247/lib/ruby/gems/2.0.0/specifications/multi_json-1.10.1.gemspec
I, [2015-03-24T14:06:54.671408 #22686]  INFO -- : 0:  dm-serializer (1.2.2) from /Users/jem/.rbenv/versions/2.0.0-p247/lib/ruby/gems/2.0.0/specifications/dm-serializer-1.2.2.gemspec
I, [2015-03-24T14:06:54.671779 #22686]  INFO -- : 0:  dm-timestamps (1.2.0) from /Users/jem/.rbenv/versions/2.0.0-p247/lib/ruby/gems/2.0.0/specifications/dm-timestamps-1.2.0.gemspec
I, [2015-03-24T14:06:54.672831 #22686]  INFO -- : 0:  dm-transactions (1.2.0) from /Users/jem/.rbenv/versions/2.0.0-p247/lib/ruby/gems/2.0.0/specifications/dm-transactions-1.2.0.gemspec
I, [2015-03-24T14:06:54.673638 #22686]  INFO -- : 0:  stringex (1.5.1) from /Users/jem/.rbenv/versions/2.0.0-p247/lib/ruby/gems/2.0.0/specifications/stringex-1.5.1.gemspec
I, [2015-03-24T14:06:54.674267 #22686]  INFO -- : 0:  uuidtools (2.1.4) from /Users/jem/.rbenv/versions/2.0.0-p247/lib/ruby/gems/2.0.0/specifications/uuidtools-2.1.4.gemspec
I, [2015-03-24T14:06:54.674874 #22686]  INFO -- : 0:  dm-types (1.2.2) from /Users/jem/.rbenv/versions/2.0.0-p247/lib/ruby/gems/2.0.0/specifications/dm-types-1.2.2.gemspec
I, [2015-03-24T14:06:54.675455 #22686]  INFO -- : 0:  dm-validations (1.2.0) from /Users/jem/.rbenv/versions/2.0.0-p247/lib/ruby/gems/2.0.0/specifications/dm-validations-1.2.0.gemspec
I, [2015-03-24T14:06:54.676049 #22686]  INFO -- : 0:  data_mapper (1.2.0) from /Users/jem/.rbenv/versions/2.0.0-p247/lib/ruby/gems/2.0.0/specifications/data_mapper-1.2.0.gemspec
I, [2015-03-24T14:06:54.676624 #22686]  INFO -- : 0:  rack (1.6.0) from /Users/jem/.rbenv/versions/2.0.0-p247/lib/ruby/gems/2.0.0/specifications/rack-1.6.0.gemspec
I, [2015-03-24T14:06:54.677196 #22686]  INFO -- : 0:  rack-protection (1.5.3) from /Users/jem/.rbenv/versions/2.0.0-p247/lib/ruby/gems/2.0.0/specifications/rack-protection-1.5.3.gemspec
I, [2015-03-24T14:06:54.677792 #22686]  INFO -- : 0:  tilt (1.4.1) from /Users/jem/.rbenv/versions/2.0.0-p247/lib/ruby/gems/2.0.0/specifications/tilt-1.4.1.gemspec
I, [2015-03-24T14:06:54.678404 #22686]  INFO -- : 0:  sinatra (1.4.5) from /Users/jem/.rbenv/versions/2.0.0-p247/lib/ruby/gems/2.0.0/specifications/sinatra-1.4.5.gemspec
I, [2015-03-24T14:06:54.678939 #22686]  INFO -- : 0:  bundler (1.5.1) from /Users/jem/.rbenv/versions/2.0.0-p247/lib/ruby/gems/2.0.0/specifications/bundler-1.5.1.gemspec
